Replace Part Q1 TTC011B in C:\Users\Kowalik\Desktop\ProjektWzmacniaczKo這Repo\CurrentSources.SchDoc with TTC011B from SchematicLib.SchLib
Replace Part R9 Res in C:\Users\Kowalik\Desktop\ProjektWzmacniaczKo這Repo\CurrentSources.SchDoc with Res from SchematicLib.SchLib
Replace Part R10 Res in C:\Users\Kowalik\Desktop\ProjektWzmacniaczKo這Repo\CurrentSources.SchDoc with Res from SchematicLib.SchLib
Replace Part R11 Res in C:\Users\Kowalik\Desktop\ProjektWzmacniaczKo這Repo\CurrentSources.SchDoc with Res from SchematicLib.SchLib
Replace Part R12 Res in C:\Users\Kowalik\Desktop\ProjektWzmacniaczKo這Repo\CurrentSources.SchDoc with Res from SchematicLib.SchLib
Replace Part R13 Res in C:\Users\Kowalik\Desktop\ProjektWzmacniaczKo這Repo\CurrentSources.SchDoc with Res from SchematicLib.SchLib
Replace Part R14 Res in C:\Users\Kowalik\Desktop\ProjektWzmacniaczKo這Repo\CurrentSources.SchDoc with Res from SchematicLib.SchLib
Replace Part R15 Res in C:\Users\Kowalik\Desktop\ProjektWzmacniaczKo這Repo\CurrentSources.SchDoc with Res from SchematicLib.SchLib
Replace Part R16 Res in C:\Users\Kowalik\Desktop\ProjektWzmacniaczKo這Repo\CurrentSources.SchDoc with Res from SchematicLib.SchLib
Replace Part R17 Res in C:\Users\Kowalik\Desktop\ProjektWzmacniaczKo這Repo\CurrentSources.SchDoc with Res from SchematicLib.SchLib
Replace Part R18 Res in C:\Users\Kowalik\Desktop\ProjektWzmacniaczKo這Repo\CurrentSources.SchDoc with Res from SchematicLib.SchLib
Replace Part R19 Res in C:\Users\Kowalik\Desktop\ProjektWzmacniaczKo這Repo\CurrentSources.SchDoc with Res from SchematicLib.SchLib
Replace Part R20 Res in C:\Users\Kowalik\Desktop\ProjektWzmacniaczKo這Repo\CurrentSources.SchDoc with Res from SchematicLib.SchLib
Replace Part R21 Res in C:\Users\Kowalik\Desktop\ProjektWzmacniaczKo這Repo\CurrentSources.SchDoc with Res from SchematicLib.SchLib
Replace Part R22 Res in C:\Users\Kowalik\Desktop\ProjektWzmacniaczKo這Repo\CurrentSources.SchDoc with Res from SchematicLib.SchLib
Replace Part R23 Res in C:\Users\Kowalik\Desktop\ProjektWzmacniaczKo這Repo\CurrentSources.SchDoc with Res from SchematicLib.SchLib
Replace Part R24 Res in C:\Users\Kowalik\Desktop\ProjektWzmacniaczKo這Repo\CurrentSources.SchDoc with Res from SchematicLib.SchLib
Replace Part R25 Pot in C:\Users\Kowalik\Desktop\ProjektWzmacniaczKo這Repo\CurrentSources.SchDoc with Pot from SchematicLib.SchLib
Replace Part R26 Res in C:\Users\Kowalik\Desktop\ProjektWzmacniaczKo這Repo\CurrentSources.SchDoc with Res from SchematicLib.SchLib
Replace Part R27 Pot in C:\Users\Kowalik\Desktop\ProjektWzmacniaczKo這Repo\CurrentSources.SchDoc with Pot from SchematicLib.SchLib
Replace Part R28 Res in C:\Users\Kowalik\Desktop\ProjektWzmacniaczKo這Repo\CurrentSources.SchDoc with Res from SchematicLib.SchLib
Replace Part T1 TTA006B in C:\Users\Kowalik\Desktop\ProjektWzmacniaczKo這Repo\CurrentSources.SchDoc with TTA006B from SchematicLib.SchLib
Replace Part T2 TTA006B in C:\Users\Kowalik\Desktop\ProjektWzmacniaczKo這Repo\CurrentSources.SchDoc with TTA006B from SchematicLib.SchLib
Replace Part T3 TTA006B in C:\Users\Kowalik\Desktop\ProjektWzmacniaczKo這Repo\CurrentSources.SchDoc with TTA006B from SchematicLib.SchLib
Replace Part T4 TTA006B in C:\Users\Kowalik\Desktop\ProjektWzmacniaczKo這Repo\CurrentSources.SchDoc with TTA006B from SchematicLib.SchLib
Replace Part T5 TTC011B in C:\Users\Kowalik\Desktop\ProjektWzmacniaczKo這Repo\CurrentSources.SchDoc with TTC011B from SchematicLib.SchLib
Replace Part T6 TTC011B in C:\Users\Kowalik\Desktop\ProjektWzmacniaczKo這Repo\CurrentSources.SchDoc with TTC011B from SchematicLib.SchLib
Replace Part T7 TTC011B in C:\Users\Kowalik\Desktop\ProjektWzmacniaczKo這Repo\CurrentSources.SchDoc with TTC011B from SchematicLib.SchLib
Replace Part U5 MCP6074 in C:\Users\Kowalik\Desktop\ProjektWzmacniaczKo這Repo\CurrentSources.SchDoc with MCP6074 from SchematicLib.SchLib
Replace Part U5 MCP6074 in C:\Users\Kowalik\Desktop\ProjektWzmacniaczKo這Repo\CurrentSources.SchDoc with MCP6074 from SchematicLib.SchLib
Replace Part U5 MCP6074 in C:\Users\Kowalik\Desktop\ProjektWzmacniaczKo這Repo\CurrentSources.SchDoc with MCP6074 from SchematicLib.SchLib
Replace Part U5 MCP6074 in C:\Users\Kowalik\Desktop\ProjektWzmacniaczKo這Repo\CurrentSources.SchDoc with MCP6074 from SchematicLib.SchLib
Replace Part U6 MCP6074 in C:\Users\Kowalik\Desktop\ProjektWzmacniaczKo這Repo\CurrentSources.SchDoc with MCP6074 from SchematicLib.SchLib
Replace Part U6 MCP6074 in C:\Users\Kowalik\Desktop\ProjektWzmacniaczKo這Repo\CurrentSources.SchDoc with MCP6074 from SchematicLib.SchLib
Replace Part U6 MCP6074 in C:\Users\Kowalik\Desktop\ProjektWzmacniaczKo這Repo\CurrentSources.SchDoc with MCP6074 from SchematicLib.SchLib
Replace Part U6 MCP6074 in C:\Users\Kowalik\Desktop\ProjektWzmacniaczKo這Repo\CurrentSources.SchDoc with MCP6074 from SchematicLib.SchLib
