Replace Part Q? TTC011B in C:\Users\Kowalik\Desktop\ProjektWzmacniaczKo這Repo\CurrentSources.SchDoc with TTC011B from SchematicLib.SchLib
Replace Part Q? TTC011B in C:\Users\Kowalik\Desktop\ProjektWzmacniaczKo這Repo\CurrentSources.SchDoc with TTC011B from SchematicLib.SchLib
Replace Part Q? TTC011B in C:\Users\Kowalik\Desktop\ProjektWzmacniaczKo這Repo\CurrentSources.SchDoc with TTC011B from SchematicLib.SchLib
Replace Part Q? TTC011B in C:\Users\Kowalik\Desktop\ProjektWzmacniaczKo這Repo\CurrentSources.SchDoc with TTC011B from SchematicLib.SchLib
Replace Part Q? TTA006B in C:\Users\Kowalik\Desktop\ProjektWzmacniaczKo這Repo\CurrentSources.SchDoc with TTA006B from SchematicLib.SchLib
Replace Part Q? TTA006B in C:\Users\Kowalik\Desktop\ProjektWzmacniaczKo這Repo\CurrentSources.SchDoc with TTA006B from SchematicLib.SchLib
Replace Part Q? TTA006B in C:\Users\Kowalik\Desktop\ProjektWzmacniaczKo這Repo\CurrentSources.SchDoc with TTA006B from SchematicLib.SchLib
Replace Part Q? TTA006B in C:\Users\Kowalik\Desktop\ProjektWzmacniaczKo這Repo\CurrentSources.SchDoc with TTA006B from SchematicLib.SchLib
Replace Part R? Res in C:\Users\Kowalik\Desktop\ProjektWzmacniaczKo這Repo\CurrentSources.SchDoc with Res from SchematicLib.SchLib
Replace Part R? Pot in C:\Users\Kowalik\Desktop\ProjektWzmacniaczKo這Repo\CurrentSources.SchDoc with Pot from SchematicLib.SchLib
Replace Part R? Res in C:\Users\Kowalik\Desktop\ProjektWzmacniaczKo這Repo\CurrentSources.SchDoc with Res from SchematicLib.SchLib
Replace Part R? Res in C:\Users\Kowalik\Desktop\ProjektWzmacniaczKo這Repo\CurrentSources.SchDoc with Res from SchematicLib.SchLib
Replace Part R? Res in C:\Users\Kowalik\Desktop\ProjektWzmacniaczKo這Repo\CurrentSources.SchDoc with Res from SchematicLib.SchLib
Replace Part R? Res in C:\Users\Kowalik\Desktop\ProjektWzmacniaczKo這Repo\CurrentSources.SchDoc with Res from SchematicLib.SchLib
Replace Part R? Res in C:\Users\Kowalik\Desktop\ProjektWzmacniaczKo這Repo\CurrentSources.SchDoc with Res from SchematicLib.SchLib
Replace Part R? Res in C:\Users\Kowalik\Desktop\ProjektWzmacniaczKo這Repo\CurrentSources.SchDoc with Res from SchematicLib.SchLib
Replace Part R? Res in C:\Users\Kowalik\Desktop\ProjektWzmacniaczKo這Repo\CurrentSources.SchDoc with Res from SchematicLib.SchLib
Replace Part R? Res in C:\Users\Kowalik\Desktop\ProjektWzmacniaczKo這Repo\CurrentSources.SchDoc with Res from SchematicLib.SchLib
Replace Part R? Res in C:\Users\Kowalik\Desktop\ProjektWzmacniaczKo這Repo\CurrentSources.SchDoc with Res from SchematicLib.SchLib
Replace Part R? Res in C:\Users\Kowalik\Desktop\ProjektWzmacniaczKo這Repo\CurrentSources.SchDoc with Res from SchematicLib.SchLib
Replace Part R? Res in C:\Users\Kowalik\Desktop\ProjektWzmacniaczKo這Repo\CurrentSources.SchDoc with Res from SchematicLib.SchLib
Replace Part R? Res in C:\Users\Kowalik\Desktop\ProjektWzmacniaczKo這Repo\CurrentSources.SchDoc with Res from SchematicLib.SchLib
Replace Part R? Res in C:\Users\Kowalik\Desktop\ProjektWzmacniaczKo這Repo\CurrentSources.SchDoc with Res from SchematicLib.SchLib
Replace Part R? Res in C:\Users\Kowalik\Desktop\ProjektWzmacniaczKo這Repo\CurrentSources.SchDoc with Res from SchematicLib.SchLib
Replace Part R? Res in C:\Users\Kowalik\Desktop\ProjektWzmacniaczKo這Repo\CurrentSources.SchDoc with Res from SchematicLib.SchLib
Replace Part R? Res in C:\Users\Kowalik\Desktop\ProjektWzmacniaczKo這Repo\CurrentSources.SchDoc with Res from SchematicLib.SchLib
Replace Part U? MCP6074 in C:\Users\Kowalik\Desktop\ProjektWzmacniaczKo這Repo\CurrentSources.SchDoc with MCP6074 from SchematicLib.SchLib
Replace Part U? MCP6074 in C:\Users\Kowalik\Desktop\ProjektWzmacniaczKo這Repo\CurrentSources.SchDoc with MCP6074 from SchematicLib.SchLib
Replace Part U? MCP6074 in C:\Users\Kowalik\Desktop\ProjektWzmacniaczKo這Repo\CurrentSources.SchDoc with MCP6074 from SchematicLib.SchLib
Replace Part U? MCP6074 in C:\Users\Kowalik\Desktop\ProjektWzmacniaczKo這Repo\CurrentSources.SchDoc with MCP6074 from SchematicLib.SchLib
Replace Part U? MCP6074 in C:\Users\Kowalik\Desktop\ProjektWzmacniaczKo這Repo\CurrentSources.SchDoc with MCP6074 from SchematicLib.SchLib
Replace Part U? MCP6074 in C:\Users\Kowalik\Desktop\ProjektWzmacniaczKo這Repo\CurrentSources.SchDoc with MCP6074 from SchematicLib.SchLib
Replace Part U? MCP6074 in C:\Users\Kowalik\Desktop\ProjektWzmacniaczKo這Repo\CurrentSources.SchDoc with MCP6074 from SchematicLib.SchLib
Replace Part U? MCP6074 in C:\Users\Kowalik\Desktop\ProjektWzmacniaczKo這Repo\CurrentSources.SchDoc with MCP6074 from SchematicLib.SchLib
